NoFib Results

--------------------------------------------------------------------------------
        Program           Size    Allocs   Runtime   Elapsed  TotalMem
--------------------------------------------------------------------------------
   binary-trees          +0.2%    +74.0%    +89.6%    +89.4%    -45.8%
   blackscholes           0.0%      0.0%     -0.0%     -0.0%      0.0%
          coins           0.0%      0.0%     -0.7%     -0.8%      0.0%
 fannkuch-redux          +1.4%   +439.9%   +415.2%   +415.1% +524300.0
          fasta          +0.0%     +0.0%     +0.4%     +0.5%      0.0%
   k-nucleotide          -0.5%   +126.6%     +0.6%     +0.6%      0.0%
         mandel           0.0%      0.0%     -0.3%     -0.3%      0.0%
        matmult           0.0%      0.0%     -6.7%     -6.7%      0.0%
        minimax          +0.0%      0.0%     -1.4%     -1.4%      0.0%
         n-body          +0.1%     +0.0%     -3.0%     -3.1%      0.0%
          nbody          +0.4% +254536.3  +2731.4%  +2727.2% +177900.0
         parfib           0.0%      0.0%     -0.7%     -0.7%      0.0%
        partree           0.0%     -0.0%     -0.3%     -0.3%      0.0%
       pidigits           0.0%      0.0%     -0.4%     -0.3%      0.0%
           prsa           0.0%      0.0%     -0.2%     -0.2%      0.0%
         queens           0.0%      0.0%     +0.1%     +0.1%      0.0%
            ray           0.0%      0.0%     -0.6%     -0.6%      0.0%
reverse-complem          +0.1%     +0.0%     0.167     0.168      0.0%
  spectral-norm          +0.3% +15342378   +655.4%   +655.2%   +100.0%
       sumeuler           0.0%      0.0%     +0.4%     +0.4%      0.0%
      transclos           0.0%      0.0%     -0.5%     -0.5%      0.0%
--------------------------------------------------------------------------------
            Min          -0.5%     -0.0%     -6.7%     -6.7%    -45.8%
            Max          +1.4% +15342378  +2731.4%  +2727.2% +524300.0
 Geometric Mean          +0.1%   +196.7%    +45.6%    +45.5%   +115.6%

Binary Sizes

-------------------------------------------------------------------------------
        Program           nofib-bang     nofib-nobang
-------------------------------------------------------------------------------
   binary-trees              1043788            +0.2%
   blackscholes              1101179             0.0%
          coins               938897             0.0%
 fannkuch-redux               935185            +1.4%
          fasta               916993            +0.0%
   k-nucleotide              1114324            -0.5%
         mandel              1068943             0.0%
        matmult              1047652             0.0%
        minimax              1317708            +0.0%
         n-body              1039113            +0.1%
          nbody              1021125            +0.4%
         parfib               922673             0.0%
        partree               947137             0.0%
       pidigits               967697             0.0%
           prsa              1028924             0.0%
         queens               972305             0.0%
            ray               995553             0.0%
reverse-complem               818305            +0.1%
  spectral-norm              1030583            +0.3%
       sumeuler              1021697             0.0%
      transclos              1109340             0.0%
        -1 s.d.                -----            -0.2%
        +1 s.d.                -----            +0.4%
        Average                -----            +0.1%

Allocations

-------------------------------------------------------------------------------
        Program           nofib-bang     nofib-nobang
-------------------------------------------------------------------------------
   binary-trees            943933952           +74.0%
   blackscholes           2701665240             0.0%
          coins           5252225416             0.0%
 fannkuch-redux            870985256          +439.9%
          fasta            287447472            +0.0%
   k-nucleotide           3973238817          +126.6%
         mandel          11652287272             0.0%
        matmult             72501104             0.0%
        minimax          16416362857             0.0%
         n-body           1600179984            +0.0%
          nbody              1529816       +254536.3%
         parfib            365085928             0.0%
        partree           3329162216            -0.0%
       pidigits           3129281672             0.0%
           prsa           3367345936             0.0%
         queens            645391728             0.0%
            ray          13711323168             0.0%
reverse-complem             90637904            +0.0%
  spectral-norm               236440     +15342378.0%
       sumeuler            513730008             0.0%
      transclos           8980100416             0.0%
        -1 s.d.                -----           -84.5%
        +1 s.d.                -----         +5583.8%
        Average                -----          +196.7%

Run Time

-------------------------------------------------------------------------------
        Program           nofib-bang     nofib-nobang
-------------------------------------------------------------------------------
   binary-trees                1.138           +89.6%
   blackscholes                6.450            -0.0%
          coins                3.525            -0.7%
 fannkuch-redux                6.089          +415.2%
          fasta                0.623            +0.4%
   k-nucleotide                9.925            +0.6%
         mandel               11.781            -0.3%
        matmult                7.605            -6.7%
        minimax               13.416            -1.4%
         n-body                2.376            -3.0%
          nbody                0.756         +2731.4%
         parfib               11.914            -0.7%
        partree                3.016            -0.3%
       pidigits                0.869            -0.4%
           prsa                5.765            -0.2%
         queens                2.941            +0.1%
            ray                6.148            -0.6%
reverse-complem                0.165            0.167
  spectral-norm                1.601          +655.4%
       sumeuler                3.045            +0.4%
      transclos                6.725            -0.5%
        -1 s.d.                -----           -39.7%
        +1 s.d.                -----          +251.6%
        Average                -----           +45.6%

Elapsed Time

-------------------------------------------------------------------------------
        Program           nofib-bang     nofib-nobang
-------------------------------------------------------------------------------
   binary-trees                1.139           +89.4%
   blackscholes                6.451            -0.0%
          coins                3.526            -0.8%
 fannkuch-redux                6.090          +415.1%
          fasta                0.624            +0.5%
   k-nucleotide                9.927            +0.6%
         mandel               11.784            -0.3%
        matmult                7.606            -6.7%
        minimax               13.419            -1.4%
         n-body                2.378            -3.1%
          nbody                0.757         +2727.2%
         parfib               11.915            -0.7%
        partree                3.018            -0.3%
       pidigits                0.870            -0.3%
           prsa                5.767            -0.2%
         queens                2.941            +0.1%
            ray                6.150            -0.6%
reverse-complem                0.165            0.168
  spectral-norm                1.601          +655.2%
       sumeuler                3.047            +0.4%
      transclos                6.727            -0.5%
        -1 s.d.                -----           -39.7%
        +1 s.d.                -----          +251.4%
        Average                -----           +45.5%

Mutator Time

-------------------------------------------------------------------------------
        Program           nofib-bang     nofib-nobang
-------------------------------------------------------------------------------
   binary-trees                0.764           +56.2%
   blackscholes                6.408            +0.0%
          coins                1.220            -0.1%
 fannkuch-redux                6.081           +54.6%
          fasta                0.619            +0.5%
   k-nucleotide                9.889            +0.3%
         mandel               11.382            -0.2%
        matmult                7.472            -6.7%
        minimax                9.708            +1.3%
         n-body                2.366            -3.0%
          nbody                0.754          +260.2%
         parfib               11.909            -0.7%
        partree                1.451            -0.1%
       pidigits                0.826            -0.3%
           prsa                5.484            -0.1%
         queens                2.877            +0.0%
            ray                5.042            -0.6%
reverse-complem                0.164            0.166
  spectral-norm                1.601          +518.7%
       sumeuler                3.039            +0.4%
      transclos                6.580            -0.4%
        -1 s.d.                -----           -24.8%
        +1 s.d.                -----           +96.2%
        Average                -----           +21.4%

Mutator Elapsed Time

-------------------------------------------------------------------------------
        Program           nofib-bang     nofib-nobang
-------------------------------------------------------------------------------
   binary-trees                0.766           +56.0%
   blackscholes                6.410            +0.0%
          coins                1.221            -0.1%
 fannkuch-redux                6.083           +54.5%
          fasta                0.620            +0.5%
   k-nucleotide                9.892            +0.3%
         mandel               11.385            -0.3%
        matmult                7.473            -6.7%
        minimax                9.709            +1.3%
         n-body                2.367            -3.1%
          nbody                0.755          +259.6%
         parfib               11.911            -0.7%
        partree                1.451            -0.1%
       pidigits                0.828            -0.3%
           prsa                5.486            -0.1%
         queens                2.878            +0.0%
            ray                5.044            -0.6%
reverse-complem                0.164            0.167
  spectral-norm                1.601          +518.5%
       sumeuler                3.041            +0.4%
      transclos                6.583            -0.4%
        -1 s.d.                -----           -24.8%
        +1 s.d.                -----           +96.1%
        Average                -----           +21.4%

GC Time

-------------------------------------------------------------------------------
        Program           nofib-bang     nofib-nobang
-------------------------------------------------------------------------------
   binary-trees                0.374          +157.8%
   blackscholes                0.041            0.040
          coins                2.305            -1.1%
 fannkuch-redux                0.007           21.972
          fasta                0.004            0.004
   k-nucleotide                0.035            0.067
         mandel                0.400            -2.7%
        matmult                0.134            0.123
        minimax                3.708            -8.4%
         n-body                0.011            0.010
          nbody                0.002           18.685
         parfib                0.005            0.004
        partree                1.565            -0.4%
       pidigits                0.042            0.042
           prsa                0.281            -0.7%
         queens                0.063            0.063
            ray                1.105            -0.4%
reverse-complem                0.001            0.001
  spectral-norm                0.000            2.189
       sumeuler                0.006            0.006
      transclos                0.145            0.141
        -1 s.d.                -----           -20.2%
        +1 s.d.                -----           +57.8%
        Average                -----           +12.2%

GC Elapsed Time

-------------------------------------------------------------------------------
        Program           nofib-bang     nofib-nobang
-------------------------------------------------------------------------------
   binary-trees                0.374          +157.8%
   blackscholes                0.041            0.040
          coins                2.306            -1.1%
 fannkuch-redux                0.007           21.975
          fasta                0.003            0.004
   k-nucleotide                0.034            0.066
         mandel                0.398            -2.6%
        matmult                0.134            0.123
        minimax                3.709            -8.4%
         n-body                0.010            0.010
          nbody                0.002           18.688
         parfib                0.004            0.004
        partree                1.566            -0.5%
       pidigits                0.042            0.042
           prsa                0.281            -0.6%
         queens                0.063            0.063
            ray                1.105            -0.4%
reverse-complem                0.001            0.001
  spectral-norm                0.000            2.189
       sumeuler                0.006            0.005
      transclos                0.144            0.140
        -1 s.d.                -----           -20.2%
        +1 s.d.                -----           +57.8%
        Average                -----           +12.2%

GC(0) Count

-------------------------------------------------------------------------------
        Program           nofib-bang     nofib-nobang
-------------------------------------------------------------------------------
   binary-trees                  308          +683.1%
   blackscholes                 5090             0.0%
          coins                10016             0.0%
 fannkuch-redux                 1666          +437.5%
          fasta                  552             0.0%
   k-nucleotide                 7557          +128.2%
         mandel                22334             0.0%
        matmult                  133             0.0%
        minimax                30382             0.0%
         n-body                 3050             0.0%
          nbody                    2       +361000.0%
         parfib                  696             0.0%
        partree                 5581            -0.0%
       pidigits                 5824             0.0%
           prsa                 6441             0.0%
         queens                 1218             0.0%
            ray                26679             0.0%
reverse-complem                  173             0.0%
  spectral-norm                    0             0.0%
       sumeuler                  978             0.0%
      transclos                17153             0.0%
        -1 s.d.                -----           -69.3%
        +1 s.d.                -----          +996.8%
        Average                -----           +83.6%

GC(0) Time

-------------------------------------------------------------------------------
        Program           nofib-bang     nofib-nobang
-------------------------------------------------------------------------------
   binary-trees                0.249          +186.3%
   blackscholes                0.025            0.025
          coins                1.122            -0.7%
 fannkuch-redux                0.007            8.601
          fasta                0.003            0.003
   k-nucleotide                0.031            0.062
         mandel                0.236            -0.4%
        matmult                0.066            0.061
        minimax                3.595            -8.6%
         n-body                0.010            0.010
          nbody                0.002            9.599
         parfib                0.004            0.004
        partree                1.151            -0.3%
       pidigits                0.042            0.041
           prsa                0.242            -0.4%
         queens                0.045            0.045
            ray                1.016            -0.3%
reverse-complem                0.001            0.001
  spectral-norm                0.000            2.188
       sumeuler                0.005            0.005
      transclos                0.141            0.137
        -1 s.d.                -----           -21.4%
        +1 s.d.                -----           +66.5%
        Average                -----           +14.4%

GC(0) Elapsed Time

-------------------------------------------------------------------------------
        Program           nofib-bang     nofib-nobang
-------------------------------------------------------------------------------
   binary-trees                0.249          +186.3%
   blackscholes                0.025            0.024
          coins                1.122            -0.6%
 fannkuch-redux                0.007            8.603
          fasta                0.003            0.003
   k-nucleotide                0.030            0.061
         mandel                0.234            -0.3%
        matmult                0.066            0.061
        minimax                3.597            -8.6%
         n-body                0.010            0.009
          nbody                0.002            9.601
         parfib                0.004            0.004
        partree                1.151            -0.2%
       pidigits                0.042            0.041
           prsa                0.242            -0.6%
         queens                0.045            0.045
            ray                1.016            -0.3%
reverse-complem                0.001            0.001
  spectral-norm                0.000            2.189
       sumeuler                0.005            0.005
      transclos                0.140            0.136
        -1 s.d.                -----           -21.4%
        +1 s.d.                -----           +66.5%
        Average                -----           +14.4%

GC(1) Count

-------------------------------------------------------------------------------
        Program           nofib-bang     nofib-nobang
-------------------------------------------------------------------------------
   binary-trees                   16          +750.0%
   blackscholes                    8             0.0%
          coins                   11             0.0%
 fannkuch-redux                    2          +800.0%
          fasta                    2             0.0%
   k-nucleotide                    6             0.0%
         mandel                    8             0.0%
        matmult                    7             0.0%
        minimax                 1169             0.0%
         n-body                    2             0.0%
          nbody                    1         +1100.0%
         parfib                    2             0.0%
        partree                  533            +0.2%
       pidigits                    7             0.0%
           prsa                   96             0.0%
         queens                   23             0.0%
            ray                  479             0.0%
reverse-complem                    2             0.0%
  spectral-norm                    1          +100.0%
       sumeuler                    2             0.0%
      transclos                   19             0.0%
        -1 s.d.                -----           -35.6%
        +1 s.d.                -----          +217.7%
        Average                -----           +43.0%

GC(1) Time

-------------------------------------------------------------------------------
        Program           nofib-bang     nofib-nobang
-------------------------------------------------------------------------------
   binary-trees                0.125            0.250
   blackscholes                0.016            0.015
          coins                1.184            -1.5%
 fannkuch-redux                0.000           13.371
          fasta                0.000            0.000
   k-nucleotide                0.005            0.004
         mandel                0.164            0.155
        matmult                0.068            0.063
        minimax                0.112            0.109
         n-body                0.000            0.000
          nbody                0.000            9.087
         parfib                0.000            0.000
        partree                0.415            -1.0%
       pidigits                0.001            0.001
           prsa                0.039            0.038
         queens                0.018            0.018
            ray                0.089            0.088
reverse-complem                0.000            0.000
  spectral-norm                0.000            0.001
       sumeuler                0.001            0.001
      transclos                0.004            0.004
        -1 s.d.                -----            -1.5%
        +1 s.d.                -----            -1.0%
        Average                -----            -1.3%

GC(1) Elapsed Time

-------------------------------------------------------------------------------
        Program           nofib-bang     nofib-nobang
-------------------------------------------------------------------------------
   binary-trees                0.125            0.250
   blackscholes                0.016            0.015
          coins                1.184            -1.5%
 fannkuch-redux                0.000           13.371
          fasta                0.000            0.000
   k-nucleotide                0.005            0.004
         mandel                0.164            0.155
        matmult                0.068            0.063
        minimax                0.112            0.109
         n-body                0.000            0.000
          nbody                0.000            9.087
         parfib                0.000            0.000
        partree                0.415            -1.0%
       pidigits                0.001            0.001
           prsa                0.039            0.038
         queens                0.018            0.018
            ray                0.089            0.088
reverse-complem                0.000            0.000
  spectral-norm                0.000            0.001
       sumeuler                0.001            0.001
      transclos                0.004            0.004
        -1 s.d.                -----            -1.5%
        +1 s.d.                -----            -1.0%
        Average                -----            -1.3%

GC Work

-------------------------------------------------------------------------------
        Program           nofib-bang     nofib-nobang
-------------------------------------------------------------------------------
   binary-trees            269449160          +173.4%
   blackscholes              4673816             0.0%
          coins           1363813632             0.0%
 fannkuch-redux                95286     +12734865.0%
          fasta               115072             0.0%
   k-nucleotide               713334           +75.3%
         mandel             94711000             0.0%
        matmult             49707968             0.0%
        minimax           1198957353             0.0%
         n-body               114736             0.0%
          nbody              1052760       +895135.2%
         parfib               261552             0.0%
        partree            681845816            -0.1%
       pidigits              2830608             0.0%
           prsa             95262080             0.0%
         queens             33026360            +0.0%
            ray            490985232             0.0%
reverse-complem                48232             0.0%
  spectral-norm                 3408     +85677664.0%
       sumeuler               773232             0.0%
      transclos             27752000             0.0%
        -1 s.d.                -----           -90.4%
        +1 s.d.                -----        +32363.0%
        Average                -----          +457.4%

GC work balance

-------------------------------------------------------------------------------
        Program           nofib-bang     nofib-nobang
-------------------------------------------------------------------------------
   binary-trees                1.000             0.0%
   blackscholes                1.000             0.0%
          coins                1.000             0.0%
 fannkuch-redux                1.000             0.0%
          fasta                1.000             0.0%
   k-nucleotide                1.000             0.0%
         mandel                1.000             0.0%
        matmult                1.000             0.0%
        minimax                1.000             0.0%
         n-body                1.000             0.0%
          nbody                1.000             0.0%
         parfib                1.000             0.0%
        partree                1.000             0.0%
       pidigits                1.000             0.0%
           prsa                1.000             0.0%
         queens                1.000             0.0%
            ray                1.000             0.0%
reverse-complem                1.000             0.0%
  spectral-norm                1.000             0.0%
       sumeuler                1.000             0.0%
      transclos                1.000             0.0%
        -1 s.d.                -----            +0.0%
        +1 s.d.                -----            +0.0%
        Average                -----            +0.0%

Instructions

-------------------------------------------------------------------------------
        Program           nofib-bang     nofib-nobang
-------------------------------------------------------------------------------
   binary-trees          (no result)      (no result)
   blackscholes          (no result)      (no result)
          coins          (no result)      (no result)
 fannkuch-redux          (no result)      (no result)
          fasta          (no result)      (no result)
   k-nucleotide          (no result)      (no result)
         mandel          (no result)      (no result)
        matmult          (no result)      (no result)
        minimax          (no result)      (no result)
         n-body          (no result)      (no result)
          nbody          (no result)      (no result)
         parfib          (no result)      (no result)
        partree          (no result)      (no result)
       pidigits          (no result)      (no result)
           prsa          (no result)      (no result)
         queens          (no result)      (no result)
            ray          (no result)      (no result)
reverse-complem          (no result)      (no result)
  spectral-norm          (no result)      (no result)
       sumeuler          (no result)      (no result)
      transclos          (no result)      (no result)
        -1 s.d.                -----            -----
        +1 s.d.                -----            -----
        Average                -----            -----

Memory Reads

-------------------------------------------------------------------------------
        Program           nofib-bang     nofib-nobang
-------------------------------------------------------------------------------
   binary-trees          (no result)      (no result)
   blackscholes          (no result)      (no result)
          coins          (no result)      (no result)
 fannkuch-redux          (no result)      (no result)
          fasta          (no result)      (no result)
   k-nucleotide          (no result)      (no result)
         mandel          (no result)      (no result)
        matmult          (no result)      (no result)
        minimax          (no result)      (no result)
         n-body          (no result)      (no result)
          nbody          (no result)      (no result)
         parfib          (no result)      (no result)
        partree          (no result)      (no result)
       pidigits          (no result)      (no result)
           prsa          (no result)      (no result)
         queens          (no result)      (no result)
            ray          (no result)      (no result)
reverse-complem          (no result)      (no result)
  spectral-norm          (no result)      (no result)
       sumeuler          (no result)      (no result)
      transclos          (no result)      (no result)
        -1 s.d.                -----            -----
        +1 s.d.                -----            -----
        Average                -----            -----

Memory Writes

-------------------------------------------------------------------------------
        Program           nofib-bang     nofib-nobang
-------------------------------------------------------------------------------
   binary-trees          (no result)      (no result)
   blackscholes          (no result)      (no result)
          coins          (no result)      (no result)
 fannkuch-redux          (no result)      (no result)
          fasta          (no result)      (no result)
   k-nucleotide          (no result)      (no result)
         mandel          (no result)      (no result)
        matmult          (no result)      (no result)
        minimax          (no result)      (no result)
         n-body          (no result)      (no result)
          nbody          (no result)      (no result)
         parfib          (no result)      (no result)
        partree          (no result)      (no result)
       pidigits          (no result)      (no result)
           prsa          (no result)      (no result)
         queens          (no result)      (no result)
            ray          (no result)      (no result)
reverse-complem          (no result)      (no result)
  spectral-norm          (no result)      (no result)
       sumeuler          (no result)      (no result)
      transclos          (no result)      (no result)
        -1 s.d.                -----            -----
        +1 s.d.                -----            -----
        Average                -----            -----

Cache Misses

-------------------------------------------------------------------------------
        Program           nofib-bang     nofib-nobang
-------------------------------------------------------------------------------
   binary-trees          (no result)      (no result)
   blackscholes          (no result)      (no result)
          coins          (no result)      (no result)
 fannkuch-redux          (no result)      (no result)
          fasta          (no result)      (no result)
   k-nucleotide          (no result)      (no result)
         mandel          (no result)      (no result)
        matmult          (no result)      (no result)
        minimax          (no result)      (no result)
         n-body          (no result)      (no result)
          nbody          (no result)      (no result)
         parfib          (no result)      (no result)
        partree          (no result)      (no result)
       pidigits          (no result)      (no result)
           prsa          (no result)      (no result)
         queens          (no result)      (no result)
            ray          (no result)      (no result)
reverse-complem          (no result)      (no result)
  spectral-norm          (no result)      (no result)
       sumeuler          (no result)      (no result)
      transclos          (no result)      (no result)
        -1 s.d.                -----            -----
        +1 s.d.                -----            -----
        Average                -----            -----

Total Memory in use

-------------------------------------------------------------------------------
        Program           nofib-bang     nofib-nobang
-------------------------------------------------------------------------------
   binary-trees             25165824           -45.8%
   blackscholes             67108864             0.0%
          coins            555745280             0.0%
 fannkuch-redux              1048576       +524300.0%
          fasta              2097152             0.0%
   k-nucleotide             71303168             0.0%
         mandel             56623104             0.0%
        matmult             28311552             0.0%
        minimax              2097152             0.0%
         n-body              1048576             0.0%
          nbody              2097152       +177900.0%
         parfib              1048576             0.0%
        partree              6291456             0.0%
       pidigits              4194304             0.0%
           prsa              2097152             0.0%
         queens              5242880             0.0%
            ray              2097152             0.0%
reverse-complem              1048576             0.0%
  spectral-norm              1048576          +100.0%
       sumeuler              2097152             0.0%
      transclos              2097152             0.0%
        -1 s.d.                -----           -79.8%
        +1 s.d.                -----         +2203.3%
        Average                -----          +115.6%
Module Sizes

-------------------------------------------------------------------------------
        Program           nofib-bang     nofib-nobang
-------------------------------------------------------------------------------

binary-trees
           Main                 8878           +17.4%

blackscholes
         Future                  969             0.0%

coins
(no modules compiled)


fannkuch-redux
           Main                 8906          +145.7%

fasta
           Main                 9547            +0.5%

k-nucleotide
           Main                57458            -9.3%

mandel
           Main                 5592             0.0%
         Mandel                11369             0.0%
 PortablePixmap                 4449             0.0%

matmult
        ListAux                 6869             0.0%
        MatMult                21387             0.0%

minimax
          Board                17064            +0.6%
           Game                 9363             0.0%
           Main                 2623             0.0%
           Prog                 5554             0.0%
           Tree                 4799             0.0%
           Wins                 1312             0.0%

n-body
           Main                14468            +6.9%

nbody
         Future                  969             0.0%

parfib
           Main                 3381             0.0%

partree
           Tree                14126             0.0%

pidigits
           Main                 7104             0.0%

prsa
           Main                 4341             0.0%
            Rsa                 9057             0.0%

queens
           Main                 5789             0.0%

ray
           Main                31696             0.0%

reverse-complement
           Main                 6124            +7.3%

spectral-norm
           Main                 5743           +52.8%

sumeuler
        ListAux                 6869             0.0%
       SumEuler                33865             0.0%
 SumEulerPrimes                 6007             0.0%

transclos
           Main                10050             0.0%
      TransClos                22739             0.0%

        -1 s.d.                -----           -11.8%
        +1 s.d.                -----           +24.7%
        Average                -----            +4.9%

Compile Times

-------------------------------------------------------------------------------
        Program           nofib-bang     nofib-nobang
-------------------------------------------------------------------------------

binary-trees
           Main                0.566            -0.2%

blackscholes
         Future                0.156            0.164
   blackscholes                4.285            -2.2%

coins
          coins                0.806            -2.9%

fannkuch-redux
           Main                0.912           +11.0%

fasta
           Main                0.582            -0.9%

k-nucleotide
           Main                2.299            -4.9%

mandel
           Main                0.418            +2.2%
         Mandel                0.440            +1.6%
 PortablePixmap                0.230            +3.0%

matmult
        ListAux                0.326            +0.3%
        MatMult                1.041            +1.0%

minimax
          Board                0.576            -1.2%
           Game                0.390            +0.8%
           Main                0.415            +3.9%
           Prog                0.407            -1.0%
           Tree                0.264            -5.3%
           Wins                0.170            0.159

n-body
           Main                0.887            +1.4%

nbody
         Future                0.165            0.157
          nbody                0.859            -4.0%

parfib
           Main                0.411            +1.0%

partree
           Tree                0.525            +3.0%
        partree                0.453            +4.6%

pidigits
           Main                0.517            -2.3%

prsa
           Main                0.393            -1.8%
            Rsa                0.440            -0.9%

queens
           Main                0.549             0.0%

ray
           Main                1.018            -0.6%

reverse-complement
           Main                0.662            +2.6%

spectral-norm
           Main                0.634            +5.4%

sumeuler
        ListAux                0.324            -3.4%
       SumEuler                1.212            -1.6%
 SumEulerPrimes                0.305            +1.3%

transclos
           Main                0.433            -2.8%
      TransClos                0.348            +0.3%

        -1 s.d.                -----            -2.9%
        +1 s.d.                -----            +3.4%
        Average                -----            +0.2%

Compile Allocations

-------------------------------------------------------------------------------
        Program           nofib-bang     nofib-nobang
-------------------------------------------------------------------------------

binary-trees
           Main            251059320            +0.0%

blackscholes
         Future             53358344            +0.0%
   blackscholes           2890058960            +0.0%

coins
          coins            328971712            -0.5%

fannkuch-redux
           Main            351498720           +26.9%

fasta
           Main            253629728            -0.0%

k-nucleotide
           Main           1009803264            +0.2%

mandel
           Main            174467280            +0.0%
         Mandel            184484696            +0.0%
 PortablePixmap             85501976            +0.0%

matmult
        ListAux            135774768            +0.0%
        MatMult            464625672            -0.0%

minimax
          Board            260139008            +0.1%
           Game            165428160            +0.0%
           Main            160015376            +0.0%
           Prog            159401056            -0.0%
           Tree            101479920            +0.0%
           Wins             70036304            +0.0%

n-body
           Main            392560904            +2.2%

nbody
         Future             53357784            -0.0%
          nbody            331959560            +2.1%

parfib
           Main            159879104            +0.0%

partree
           Tree            220420552            -0.0%
        partree            186790496            +0.0%

pidigits
           Main            215044536            +0.0%

prsa
           Main            147174352            +0.0%
            Rsa            181250624            +0.0%

queens
           Main            231309000            -0.0%

ray
           Main            498613656            +0.0%

reverse-complement
           Main            266723656            +4.4%

spectral-norm
           Main            263064576            +8.2%

sumeuler
        ListAux            135774840            +0.0%
       SumEuler            563716552            +0.0%
 SumEulerPrimes            127620184            +0.0%

transclos
           Main            184882728            +0.0%
      TransClos            163665944            +0.0%

        -1 s.d.                -----            -3.0%
        +1 s.d.                -----            +5.4%
        Average                -----            +1.1%
