fibon/Hackage/Funsat/src/Funsat/Solver.hs
fibon/Hackage/Fgl/Data/Graph/Inductive/PatriciaTree.hs
fibon/Hackage/Fgl/Main.hs
fibon/Hackage/Funsat/src/Funsat/Types.hs
fibon/Hackage/Gf/src/compiler/GF/Compile/GeneratePMCFG.hs
fibon/Hackage/Gf/src/compiler/GF/Grammar/Lexer.x
fibon/Hackage/Gf/src/runtime/haskell/PGF.hs
fibon/Hackage/Gf/src/runtime/haskell/PGF/Parse.hs
fibon/Hackage/Regex/bench/Main.hs
fibon/Hackage/Simgi/mersenne-random-pure64/System/Random/Mersenne/Pure64/MTBlock.hs
fibon/Hackage/Simgi/mersenne-random-pure64/tests/Unit.hs
fibon/Hackage/Simgi/mersenne-random-pure64/tests/copy.hs
fibon/Hackage/Xsact/src/EST.lhs
fibon/Repa/Blur/Main.hs
fibon/Repa/Canny/Main.hs
fibon/Repa/Laplace/Main.hs
fibon/Repa/Laplace/SolverGet.hs
fibon/Repa/Laplace/SolverStencil.hs
fibon/Repa/Sobel/Main.hs
fibon/Repa/Sobel/Solver.hs
fibon/Repa/_RepaLib/repa-algorithms/Data/Array/Repa/Algorithms/Convolve.hs
fibon/Repa/_RepaLib/repa-algorithms/Data/Array/Repa/Algorithms/FFT.hs
fibon/Repa/_RepaLib/repa-algorithms/Data/Array/Repa/Algorithms/Iterate.hs
fibon/Repa/_RepaLib/repa-algorithms/Data/Array/Repa/Algorithms/Randomish.hs
fibon/Repa/_RepaLib/repa/Data/Array/Repa/Internals/Base.hs
fibon/Repa/_RepaLib/repa/Data/Array/Repa/Internals/EvalBlockwise.hs
fibon/Repa/_RepaLib/repa/Data/Array/Repa/Internals/EvalChunked.hs
fibon/Repa/_RepaLib/repa/Data/Array/Repa/Internals/EvalCursored.hs
fibon/Repa/_RepaLib/repa/Data/Array/Repa/Internals/EvalReduction.hs
fibon/Repa/_RepaLib/repa/Data/Array/Repa/Internals/Forcing.hs
fibon/Repa/_RepaLib/repa/Data/Array/Repa/Internals/Select.hs
fibon/Repa/_RepaLib/repa/Data/Array/Repa/Operators/Reduction.hs
fibon/Repa/_RepaLib/repa/Data/Array/Repa/Operators/Select.hs
fibon/Repa/_RepaLib/repa/Data/Array/Repa/Specialised/Dim2.hs
fibon/Repa/_RepaLib/repa/Data/Array/Repa/Stencil.hs
fibon/Shootout/ChameneosRedux/chameneosredux.hs
parallel/coins/coins.hs
parallel/gray/Illumination.hs
parallel/mandel/Mandel.lhs
parallel/matmult/MatMult.hs
parallel/minimax/Board.hs
parallel/nbody/nbody.hs
parallel/prsa/Rsa.hs
parallel/quicksort/QuickSort.hs
parallel/ray/Main.lhs
parallel/transclos/Main.hs
shootout/binary-trees/Main.hs
shootout/fannkuch-redux/Main.hs
shootout/fasta/Main.hs
shootout/k-nucleotide/Main.hs
shootout/n-body/Main.hs
shootout/reverse-complement/Main.hs
shootout/spectral-norm/Main.hs
