Configuring json-0.9.1...
Building json-0.9.1...
Preprocessing library json-0.9.1...
[1 of 7] Compiling Text.JSON.Types  ( Text/JSON/Types.hs, .stack-work/dist/x86_64-linux/Cabal-1.22.4.0/build/Text/JSON/Types.o )
[2 of 7] Compiling Text.JSON.String ( Text/JSON/String.hs, .stack-work/dist/x86_64-linux/Cabal-1.22.4.0/build/Text/JSON/String.o )

Text/JSON/String.hs:51:1: Warning:
    The import of ‘Control.Applicative’ is redundant
      except perhaps to import instances from ‘Control.Applicative’
    To import instances alone, use: import Control.Applicative()

Text/JSON/String.hs:176:1: Warning: Tab character

Text/JSON/String.hs:181:1: Warning: Tab character
[3 of 7] Compiling Text.JSON.ReadP  ( Text/JSON/ReadP.hs, .stack-work/dist/x86_64-linux/Cabal-1.22.4.0/build/Text/JSON/ReadP.o )
[4 of 7] Compiling Text.JSON.Parsec ( Text/JSON/Parsec.hs, .stack-work/dist/x86_64-linux/Cabal-1.22.4.0/build/Text/JSON/Parsec.o )
[5 of 7] Compiling Text.JSON.Pretty ( Text/JSON/Pretty.hs, .stack-work/dist/x86_64-linux/Cabal-1.22.4.0/build/Text/JSON/Pretty.o )
[6 of 7] Compiling Text.JSON        ( Text/JSON.hs, .stack-work/dist/x86_64-linux/Cabal-1.22.4.0/build/Text/JSON.o )

Text/JSON.hs:219:1: Warning: Tab character

Text/JSON.hs:220:1: Warning: Tab character

Text/JSON.hs:221:1: Warning: Tab character

Text/JSON.hs:404:1: Warning: Tab character

Text/JSON.hs:405:1: Warning: Tab character

Text/JSON.hs:406:1: Warning: Tab character

Text/JSON.hs:407:1: Warning: Tab character

Text/JSON.hs:408:1: Warning: Tab character

Text/JSON.hs:409:1: Warning: Tab character

Text/JSON.hs:410:1: Warning: Tab character

Text/JSON.hs:411:1: Warning: Tab character

Text/JSON.hs:443:1: Warning: Tab character

Text/JSON.hs:487:1: Warning: Tab character

Text/JSON.hs:488:1: Warning: Tab character
[7 of 7] Compiling Text.JSON.Generic ( Text/JSON/Generic.hs, .stack-work/dist/x86_64-linux/Cabal-1.22.4.0/build/Text/JSON/Generic.o )

Text/JSON/Generic.hs:110:1: Warning: Tab character

Text/JSON/Generic.hs:120:1: Warning: Tab character

Text/JSON/Generic.hs:135:1: Warning: Tab character

Text/JSON/Generic.hs:139:1: Warning: Tab character

Text/JSON/Generic.hs:166:1: Warning: Tab character

Text/JSON/Generic.hs:167:1: Warning: Tab character
In-place registering json-0.9.1...
Installing library in
/home/remy/.stack/snapshots/x86_64-linux/nightly-2015-09-19/7.10.2/lib/x86_64-linux-ghc-7.10.2/json-0.9.1-IJsne6lPZzoAn40q2bT9SN
Registering json-0.9.1...
